0 info it worked if it ends with ok
1 verbose cli [ '/usr/local/bin/node', '/usr/local/bin/npm', 'start' ]
2 info using npm@2.11.3
3 info using node@v0.12.7
4 verbose node symlink /usr/local/bin/node
5 verbose run-script [ 'prestart', 'start', 'poststart' ]
6 info prestart localStorageServer@0.0.0
7 info start localStorageServer@0.0.0
8 verbose unsafe-perm in lifecycle true
9 info localStorageServer@0.0.0 Failed to exec start script
10 verbose stack Error: localStorageServer@0.0.0 start: `node ./bin/www`
10 verbose stack Exit status 1
10 verbose stack     at EventEmitter.<anonymous> (/home/ubuntu/software/nodejs/nodejs/lib/node_modules/npm/lib/utils/lifecycle.js:213:16)
10 verbose stack     at EventEmitter.emit (events.js:110:17)
10 verbose stack     at ChildProcess.<anonymous> (/home/ubuntu/software/nodejs/nodejs/lib/node_modules/npm/lib/utils/spawn.js:24:14)
10 verbose stack     at ChildProcess.emit (events.js:110:17)
10 verbose stack     at maybeClose (child_process.js:1015:16)
10 verbose stack     at Process.ChildProcess._handle.onexit (child_process.js:1087:5)
11 verbose pkgid localStorageServer@0.0.0
12 verbose cwd /home/ubuntu/appPlace/localStorageServer
13 error Linux 3.13.0-49-generic
14 error argv "/usr/local/bin/node" "/usr/local/bin/npm" "start"
15 error node v0.12.7
16 error npm  v2.11.3
17 error code ELIFECYCLE
18 error localStorageServer@0.0.0 start: `node ./bin/www`
18 error Exit status 1
19 error Failed at the localStorageServer@0.0.0 start script 'node ./bin/www'.
19 error This is most likely a problem with the localStorageServer package,
19 error not with npm itself.
19 error Tell the author that this fails on your system:
19 error     node ./bin/www
19 error You can get their info via:
19 error     npm owner ls localStorageServer
19 error There is likely additional logging output above.
20 verbose exit [ 1, true ]
